1621604709624	geckodriver	INFO	Listening on 127.0.0.1:51134
1621604710577	mozrunner::runner	INFO	Running command: "/Applications/Firefox.app/Contents/MacOS/firefox-bin" "--marionette" "-foreground" "-no-remote" "-profile" "/var/folders/sw/2hqww8xx051cwrvhrdknxwt17h_2zl/T/rust_mozprofilea43MFo"
1621604713394	Marionette	INFO	Marionette enabled
2021-05-21 20:45:14.938 firefox-bin[49478:1175511] Warning: Expected min height of view: (<NSButton: 0x135fca000>) to be less than or equal to 30 but got a height of 32.000000. This error will be logged once per view in violation.
2021-05-21 20:45:14.938 firefox-bin[49478:1175511] Warning: Expected min height of view: (<NSButton: 0x141f20000>) to be less than or equal to 30 but got a height of 32.000000. This error will be logged once per view in violation.
2021-05-21 20:45:14.938 firefox-bin[49478:1175511] Warning: Expected min height of view: (<NSButton: 0x141f21800>) to be less than or equal to 30 but got a height of 32.000000. This error will be logged once per view in violation.
2021-05-21 20:45:14.939 firefox-bin[49478:1175511] Warning: Expected min height of view: (<NSButton: 0x141f1e400>) to be less than or equal to 30 but got a height of 32.000000. This error will be logged once per view in violation.
2021-05-21 20:45:14.939 firefox-bin[49478:1175511] Warning: Expected min height of view: (<NSButton: 0x141f21400>) to be less than or equal to 30 but got a height of 32.000000. This error will be logged once per view in violation.
2021-05-21 20:45:14.939 firefox-bin[49478:1175511] Warning: Expected min height of view: (<NSPopoverTouchBarItemButton: 0x141f21000>) to be less than or equal to 30 but got a height of 32.000000. This error will be logged once per view in violation.
2021-05-21 20:45:14.940 firefox-bin[49478:1175511] Warning: Expected min height of view: (<NSPopoverTouchBarItemButton: 0x142279c00>) to be less than or equal to 30 but got a height of 32.000000. This error will be logged once per view in violation.
console.warn: SearchSettings: "get: No settings file exists, new profile?" (new Error("", "(unknown module)"))
1621604716194	Marionette	INFO	Listening on port 51150
1621604716299	Marionette	WARN	TLS certificate errors will be ignored for this session
1621604719353	Marionette	INFO	Stopped listening on port 51150

###!!! [Parent][RunMessage] Error: Channel closing: too late to send/recv, messages will be lost

1621605053351	geckodriver	INFO	Listening on 127.0.0.1:53562
1621605053359	mozrunner::runner	INFO	Running command: "/Applications/Firefox.app/Contents/MacOS/firefox-bin" "--marionette" "-foreground" "-no-remote" "-profile" "/var/folders/sw/2hqww8xx051cwrvhrdknxwt17h_2zl/T/rust_mozprofilewqY0j7"
1621605053824	Marionette	INFO	Marionette enabled
2021-05-21 20:50:55.035 firefox-bin[49601:1179359] Warning: Expected min height of view: (<NSButton: 0x140008c00>) to be less than or equal to 30 but got a height of 32.000000. This error will be logged once per view in violation.
2021-05-21 20:50:55.035 firefox-bin[49601:1179359] Warning: Expected min height of view: (<NSButton: 0x14000ec00>) to be less than or equal to 30 but got a height of 32.000000. This error will be logged once per view in violation.
2021-05-21 20:50:55.035 firefox-bin[49601:1179359] Warning: Expected min height of view: (<NSButton: 0x14000fc00>) to be less than or equal to 30 but got a height of 32.000000. This error will be logged once per view in violation.
2021-05-21 20:50:55.036 firefox-bin[49601:1179359] Warning: Expected min height of view: (<NSButton: 0x140011800>) to be less than or equal to 30 but got a height of 32.000000. This error will be logged once per view in violation.
2021-05-21 20:50:55.036 firefox-bin[49601:1179359] Warning: Expected min height of view: (<NSButton: 0x140010000>) to be less than or equal to 30 but got a height of 32.000000. This error will be logged once per view in violation.
2021-05-21 20:50:55.036 firefox-bin[49601:1179359] Warning: Expected min height of view: (<NSPopoverTouchBarItemButton: 0x14000d000>) to be less than or equal to 30 but got a height of 32.000000. This error will be logged once per view in violation.
2021-05-21 20:50:55.037 firefox-bin[49601:1179359] Warning: Expected min height of view: (<NSPopoverTouchBarItemButton: 0x140375c00>) to be less than or equal to 30 but got a height of 32.000000. This error will be logged once per view in violation.
console.warn: SearchSettings: "get: No settings file exists, new profile?" (new Error("", "(unknown module)"))
1621605056110	Marionette	INFO	Listening on port 53571
1621605056166	Marionette	WARN	TLS certificate errors will be ignored for this session
1621605057332	Marionette	INFO	Stopped listening on port 53571
console.error: services.settings: 
  main/message-groups Signature failed  TypeError: NetworkError when attempting to fetch resource.
console.error: services.settings: 
  main/fxmonitor-breaches Signature failed  TypeError: NetworkError when attempting to fetch resource.
console.error: services.settings: 
  main/partitioning-exempt-urls Signature failed  TypeError: NetworkError when attempting to fetch resource.
console.error: Region.jsm: "Error fetching region" (new TypeError("NetworkError when attempting to fetch resource.", ""))
console.error: Region.jsm: "Failed to fetch region" (new Error("NO_RESULT", "resource://gre/modules/Region.jsm", 419))
JavaScript error: , line 0: AbortError: A request was aborted, for example through a call to IDBTransaction.abort.
1621605581886	geckodriver	INFO	Listening on 127.0.0.1:56605
1621605582898	mozrunner::runner	INFO	Running command: "/Applications/Firefox.app/Contents/MacOS/firefox-bin" "--marionette" "-foreground" "-no-remote" "-profile" "/var/folders/sw/2hqww8xx051cwrvhrdknxwt17h_2zl/T/rust_mozprofileDynd1L"
1621605583613	Marionette	INFO	Marionette enabled
2021-05-21 20:59:45.043 firefox-bin[49905:1186974] Warning: Expected min height of view: (<NSButton: 0x135980400>) to be less than or equal to 30 but got a height of 32.000000. This error will be logged once per view in violation.
2021-05-21 20:59:45.043 firefox-bin[49905:1186974] Warning: Expected min height of view: (<NSButton: 0x141858c00>) to be less than or equal to 30 but got a height of 32.000000. This error will be logged once per view in violation.
2021-05-21 20:59:45.044 firefox-bin[49905:1186974] Warning: Expected min height of view: (<NSButton: 0x141859000>) to be less than or equal to 30 but got a height of 32.000000. This error will be logged once per view in violation.
2021-05-21 20:59:45.044 firefox-bin[49905:1186974] Warning: Expected min height of view: (<NSButton: 0x141859c00>) to be less than or equal to 30 but got a height of 32.000000. This error will be logged once per view in violation.
2021-05-21 20:59:45.045 firefox-bin[49905:1186974] Warning: Expected min height of view: (<NSButton: 0x14185a000>) to be less than or equal to 30 but got a height of 32.000000. This error will be logged once per view in violation.
2021-05-21 20:59:45.045 firefox-bin[49905:1186974] Warning: Expected min height of view: (<NSPopoverTouchBarItemButton: 0x141bd9c00>) to be less than or equal to 30 but got a height of 32.000000. This error will be logged once per view in violation.
2021-05-21 20:59:45.045 firefox-bin[49905:1186974] Warning: Expected min height of view: (<NSPopoverTouchBarItemButton: 0x141bdcc00>) to be less than or equal to 30 but got a height of 32.000000. This error will be logged once per view in violation.
console.warn: SearchSettings: "get: No settings file exists, new profile?" (new Error("", "(unknown module)"))
1621605586192	Marionette	INFO	Listening on port 56624
1621605586227	Marionette	WARN	TLS certificate errors will be ignored for this session
1621605588865	Marionette	INFO	Stopped listening on port 56624
console.error: services.settings: 
  main/fxmonitor-breaches Signature failed  TypeError: NetworkError when attempting to fetch resource.
console.error: services.settings: 
  main/message-groups Signature failed  TypeError: NetworkError when attempting to fetch resource.
console.error: services.settings: 
  main/partitioning-exempt-urls Signature failed  TypeError: NetworkError when attempting to fetch resource.
1621605590295	geckodriver	INFO	Listening on 127.0.0.1:56723
1621605591305	mozrunner::runner	INFO	Running command: "/Applications/Firefox.app/Contents/MacOS/firefox-bin" "--marionette" "-foreground" "-no-remote" "-profile" "/var/folders/sw/2hqww8xx051cwrvhrdknxwt17h_2zl/T/rust_mozprofilewy0ALw"
1621605591816	Marionette	INFO	Marionette enabled
2021-05-21 20:59:52.972 firefox-bin[49913:1187414] Warning: Expected min height of view: (<NSButton: 0x144342400>) to be less than or equal to 30 but got a height of 32.000000. This error will be logged once per view in violation.
2021-05-21 20:59:52.972 firefox-bin[49913:1187414] Warning: Expected min height of view: (<NSButton: 0x144347400>) to be less than or equal to 30 but got a height of 32.000000. This error will be logged once per view in violation.
2021-05-21 20:59:52.972 firefox-bin[49913:1187414] Warning: Expected min height of view: (<NSButton: 0x14434a400>) to be less than or equal to 30 but got a height of 32.000000. This error will be logged once per view in violation.
2021-05-21 20:59:52.973 firefox-bin[49913:1187414] Warning: Expected min height of view: (<NSButton: 0x14434b000>) to be less than or equal to 30 but got a height of 32.000000. This error will be logged once per view in violation.
2021-05-21 20:59:52.973 firefox-bin[49913:1187414] Warning: Expected min height of view: (<NSButton: 0x144348800>) to be less than or equal to 30 but got a height of 32.000000. This error will be logged once per view in violation.
2021-05-21 20:59:52.974 firefox-bin[49913:1187414] Warning: Expected min height of view: (<NSPopoverTouchBarItemButton: 0x14434b400>) to be less than or equal to 30 but got a height of 32.000000. This error will be logged once per view in violation.
2021-05-21 20:59:52.974 firefox-bin[49913:1187414] Warning: Expected min height of view: (<NSPopoverTouchBarItemButton: 0x144691c00>) to be less than or equal to 30 but got a height of 32.000000. This error will be logged once per view in violation.
console.warn: SearchSettings: "get: No settings file exists, new profile?" (new Error("", "(unknown module)"))
1621605594054	Marionette	INFO	Listening on port 56742
1621605594113	Marionette	WARN	TLS certificate errors will be ignored for this session

###!!! [Parent][RunMessage] Error: Channel error: cannot send/recv

1621605598603	Marionette	INFO	Stopped listening on port 56742
1621605722933	geckodriver	INFO	Listening on 127.0.0.1:58031
1621605723937	mozrunner::runner	INFO	Running command: "/Applications/Firefox.app/Contents/MacOS/firefox-bin" "--marionette" "-foreground" "-no-remote" "-profile" "/var/folders/sw/2hqww8xx051cwrvhrdknxwt17h_2zl/T/rust_mozprofileA87xSr"
1621605724595	Marionette	INFO	Marionette enabled
2021-05-21 21:02:05.847 firefox-bin[50016:1190314] Warning: Expected min height of view: (<NSButton: 0x14010c400>) to be less than or equal to 30 but got a height of 32.000000. This error will be logged once per view in violation.
2021-05-21 21:02:05.848 firefox-bin[50016:1190314] Warning: Expected min height of view: (<NSButton: 0x140111400>) to be less than or equal to 30 but got a height of 32.000000. This error will be logged once per view in violation.
2021-05-21 21:02:05.848 firefox-bin[50016:1190314] Warning: Expected min height of view: (<NSButton: 0x14010c800>) to be less than or equal to 30 but got a height of 32.000000. This error will be logged once per view in violation.
2021-05-21 21:02:05.848 firefox-bin[50016:1190314] Warning: Expected min height of view: (<NSButton: 0x14010d400>) to be less than or equal to 30 but got a height of 32.000000. This error will be logged once per view in violation.
2021-05-21 21:02:05.849 firefox-bin[50016:1190314] Warning: Expected min height of view: (<NSButton: 0x14010f400>) to be less than or equal to 30 but got a height of 32.000000. This error will be logged once per view in violation.
2021-05-21 21:02:05.849 firefox-bin[50016:1190314] Warning: Expected min height of view: (<NSPopoverTouchBarItemButton: 0x140111c00>) to be less than or equal to 30 but got a height of 32.000000. This error will be logged once per view in violation.
2021-05-21 21:02:05.850 firefox-bin[50016:1190314] Warning: Expected min height of view: (<NSPopoverTouchBarItemButton: 0x140471000>) to be less than or equal to 30 but got a height of 32.000000. This error will be logged once per view in violation.
console.warn: SearchSettings: "get: No settings file exists, new profile?" (new Error("", "(unknown module)"))
1621605726846	Marionette	INFO	Listening on port 58052
1621605726957	Marionette	WARN	TLS certificate errors will be ignored for this session
1621605737217	Marionette	INFO	Stopped listening on port 58052

###!!! [Parent][RunMessage] Error: Channel closing: too late to send/recv, messages will be lost

1621605737589	geckodriver	INFO	Listening on 127.0.0.1:58188
1621605738601	mozrunner::runner	INFO	Running command: "/Applications/Firefox.app/Contents/MacOS/firefox-bin" "--marionette" "-foreground" "-no-remote" "-profile" "/var/folders/sw/2hqww8xx051cwrvhrdknxwt17h_2zl/T/rust_mozprofilezA7YX7"
1621605739125	Marionette	INFO	Marionette enabled
2021-05-21 21:02:20.275 firefox-bin[50024:1190788] Warning: Expected min height of view: (<NSButton: 0x143606400>) to be less than or equal to 30 but got a height of 32.000000. This error will be logged once per view in violation.
2021-05-21 21:02:20.276 firefox-bin[50024:1190788] Warning: Expected min height of view: (<NSButton: 0x143611c00>) to be less than or equal to 30 but got a height of 32.000000. This error will be logged once per view in violation.
2021-05-21 21:02:20.276 firefox-bin[50024:1190788] Warning: Expected min height of view: (<NSButton: 0x14360d000>) to be less than or equal to 30 but got a height of 32.000000. This error will be logged once per view in violation.
2021-05-21 21:02:20.276 firefox-bin[50024:1190788] Warning: Expected min height of view: (<NSButton: 0x143610800>) to be less than or equal to 30 but got a height of 32.000000. This error will be logged once per view in violation.
2021-05-21 21:02:20.277 firefox-bin[50024:1190788] Warning: Expected min height of view: (<NSButton: 0x14360f000>) to be less than or equal to 30 but got a height of 32.000000. This error will be logged once per view in violation.
2021-05-21 21:02:20.277 firefox-bin[50024:1190788] Warning: Expected min height of view: (<NSPopoverTouchBarItemButton: 0x143610400>) to be less than or equal to 30 but got a height of 32.000000. This error will be logged once per view in violation.
2021-05-21 21:02:20.278 firefox-bin[50024:1190788] Warning: Expected min height of view: (<NSPopoverTouchBarItemButton: 0x143993400>) to be less than or equal to 30 but got a height of 32.000000. This error will be logged once per view in violation.
console.warn: SearchSettings: "get: No settings file exists, new profile?" (new Error("", "(unknown module)"))
1621605741333	Marionette	INFO	Listening on port 58206
1621605741414	Marionette	WARN	TLS certificate errors will be ignored for this session
1621605745475	Marionette	INFO	Stopped listening on port 58206

###!!! [Parent][RunMessage] Error: Channel closing: too late to send/recv, messages will be lost

1621605770315	geckodriver	INFO	Listening on 127.0.0.1:58517
1621605771326	mozrunner::runner	INFO	Running command: "/Applications/Firefox.app/Contents/MacOS/firefox-bin" "--marionette" "-foreground" "-no-remote" "-profile" "/var/folders/sw/2hqww8xx051cwrvhrdknxwt17h_2zl/T/rust_mozprofile6f0W86"
1621605771844	Marionette	INFO	Marionette enabled
2021-05-21 21:02:52.984 firefox-bin[50083:1192356] Warning: Expected min height of view: (<NSButton: 0x14251d000>) to be less than or equal to 30 but got a height of 32.000000. This error will be logged once per view in violation.
2021-05-21 21:02:52.984 firefox-bin[50083:1192356] Warning: Expected min height of view: (<NSButton: 0x14251e800>) to be less than or equal to 30 but got a height of 32.000000. This error will be logged once per view in violation.
2021-05-21 21:02:52.984 firefox-bin[50083:1192356] Warning: Expected min height of view: (<NSButton: 0x142521400>) to be less than or equal to 30 but got a height of 32.000000. This error will be logged once per view in violation.
2021-05-21 21:02:52.985 firefox-bin[50083:1192356] Warning: Expected min height of view: (<NSButton: 0x14251e000>) to be less than or equal to 30 but got a height of 32.000000. This error will be logged once per view in violation.
2021-05-21 21:02:52.985 firefox-bin[50083:1192356] Warning: Expected min height of view: (<NSButton: 0x14251f000>) to be less than or equal to 30 but got a height of 32.000000. This error will be logged once per view in violation.
2021-05-21 21:02:52.986 firefox-bin[50083:1192356] Warning: Expected min height of view: (<NSPopoverTouchBarItemButton: 0x14251f400>) to be less than or equal to 30 but got a height of 32.000000. This error will be logged once per view in violation.
2021-05-21 21:02:52.986 firefox-bin[50083:1192356] Warning: Expected min height of view: (<NSPopoverTouchBarItemButton: 0x142899400>) to be less than or equal to 30 but got a height of 32.000000. This error will be logged once per view in violation.
console.warn: SearchSettings: "get: No settings file exists, new profile?" (new Error("", "(unknown module)"))
1621605774058	Marionette	INFO	Listening on port 58535
1621605774143	Marionette	WARN	TLS certificate errors will be ignored for this session
1621605778487	Marionette	INFO	Stopped listening on port 58535

###!!! [Child][RunMessage] Error: Channel closing: too late to send/recv, messages will be lost

1621605780913	geckodriver	INFO	Listening on 127.0.0.1:58654
1621605780918	mozrunner::runner	INFO	Running command: "/Applications/Firefox.app/Contents/MacOS/firefox-bin" "--marionette" "-foreground" "-no-remote" "-profile" "/var/folders/sw/2hqww8xx051cwrvhrdknxwt17h_2zl/T/rust_mozprofileEL4qnx"
1621605781454	Marionette	INFO	Marionette enabled
2021-05-21 21:03:02.604 firefox-bin[50091:1192772] Warning: Expected min height of view: (<NSButton: 0x1380ef000>) to be less than or equal to 30 but got a height of 32.000000. This error will be logged once per view in violation.
2021-05-21 21:03:02.605 firefox-bin[50091:1192772] Warning: Expected min height of view: (<NSButton: 0x14400e000>) to be less than or equal to 30 but got a height of 32.000000. This error will be logged once per view in violation.
2021-05-21 21:03:02.605 firefox-bin[50091:1192772] Warning: Expected min height of view: (<NSButton: 0x14400ec00>) to be less than or equal to 30 but got a height of 32.000000. This error will be logged once per view in violation.
2021-05-21 21:03:02.606 firefox-bin[50091:1192772] Warning: Expected min height of view: (<NSButton: 0x14400ac00>) to be less than or equal to 30 but got a height of 32.000000. This error will be logged once per view in violation.
2021-05-21 21:03:02.606 firefox-bin[50091:1192772] Warning: Expected min height of view: (<NSButton: 0x14400b400>) to be less than or equal to 30 but got a height of 32.000000. This error will be logged once per view in violation.
2021-05-21 21:03:02.606 firefox-bin[50091:1192772] Warning: Expected min height of view: (<NSPopoverTouchBarItemButton: 0x14400cc00>) to be less than or equal to 30 but got a height of 32.000000. This error will be logged once per view in violation.
2021-05-21 21:03:02.607 firefox-bin[50091:1192772] Warning: Expected min height of view: (<NSPopoverTouchBarItemButton: 0x144392800>) to be less than or equal to 30 but got a height of 32.000000. This error will be logged once per view in violation.
console.warn: SearchSettings: "get: No settings file exists, new profile?" (new Error("", "(unknown module)"))
1621605783668	Marionette	INFO	Listening on port 58663
1621605783734	Marionette	WARN	TLS certificate errors will be ignored for this session
1621605784791	Marionette	INFO	Stopped listening on port 58663
console.error: Region.jsm: "Error fetching region" (new TypeError("NetworkError when attempting to fetch resource.", ""))
console.error: Region.jsm: "Failed to fetch region" (new Error("NO_RESULT", "resource://gre/modules/Region.jsm", 419))
